<?xml version="1.0" encoding="UTF-8"?>
<testng-results skipped="0" failed="0" ignored="0" total="1" passed="1">
  <reporter-output>
  </reporter-output>
  <suite name="Default suite" duration-ms="26" started-at="2020-04-15T07:21:31Z" finished-at="2020-04-15T07:21:31Z">
    <groups>
    </groups>
    <test name="Default test" duration-ms="26" started-at="2020-04-15T07:21:31Z" finished-at="2020-04-15T07:21:31Z">
      <class name="maven_bk.TestCase1">
        <test-method status="PASS" signature="test1()[pri:0, instance:maven_bk.TestCase1@6cc4c815]" name="test1" duration-ms="7" started-at="2020-04-15T07:21:31Z" finished-at="2020-04-15T07:21:31Z">
          <reporter-output>
          </reporter-output>
        </test-method> <!-- test1 -->
      </class> <!-- maven_bk.TestCase1 -->
    </test> <!-- Default test -->
  </suite> <!-- Default suite -->
</testng-results>
